
*** Running vivado
    with args -log ZynqStream_doGain_0_0.vds -m64 -product Vivado -mode batch -messageDb vivado.pb -notrace -source ZynqStream_doGain_0_0.tcl


****** Vivado v2018.3 (64-bit)
  **** SW Build 2405991 on Thu Dec  6 23:38:27 MST 2018
  **** IP Build 2404404 on Fri Dec  7 01:43:56 MST 2018
    ** Copyright 1986-2018 Xilinx, Inc. All Rights Reserved.

source ZynqStream_doGain_0_0.tcl -notrace
INFO: [IP_Flow 19-234] Refreshing IP repositories
INFO: [IP_Flow 19-1700] Loaded user IP repository 'd:/WS/axi_stream_tutorial'.
WARNING: [IP_Flow 19-3656] If you move the project, the path for repository 'd:/WS/axi_stream_tutorial' may become invalid. A better location for the repository would be in a path adjacent to the project. (Current project location is 'd:/WS/axi_stream_tutorial/pynq_run/pynq_run.runs/ZynqStream_doGain_0_0_synth_1'.)
INFO: [IP_Flow 19-2313] Loaded Vivado IP repository 'C:/Dev/Xilinx/Vivado/2018.3/data/ip'.
Command: synth_design -top ZynqStream_doGain_0_0 -part xc7z020clg400-1 -mode out_of_context
Starting synth_design
Attempting to get a license for feature 'Synthesis' and/or device 'xc7z020'
INFO: [Common 17-349] Got license for feature 'Synthesis' and/or device 'xc7z020'
INFO: Launching helper process for spawning children vivado processes
INFO: Helper process launched with PID 42504 
---------------------------------------------------------------------------------
Starting RTL Elaboration : Time (s): cpu = 00:00:02 ; elapsed = 00:00:03 . Memory (MB): peak = 379.457 ; gain = 102.594
---------------------------------------------------------------------------------
INFO: [Synth 8-6157] synthesizing module 'ZynqStream_doGain_0_0' [d:/WS/axi_stream_tutorial/pynq_run/pynq_run.srcs/sources_1/bd/ZynqStream/ip/ZynqStream_doGain_0_0/synth/ZynqStream_doGain_0_0.v:57]
INFO: [Synth 8-6157] synthesizing module 'doGain' [d:/WS/axi_stream_tutorial/pynq_run/pynq_run.srcs/sources_1/bd/ZynqStream/ipshared/6926/hdl/verilog/doGain.v:12]
	Parameter ap_ST_fsm_state1 bound to: 3'b001 
	Parameter ap_ST_fsm_pp0_stage0 bound to: 3'b010 
	Parameter ap_ST_fsm_state5 bound to: 3'b100 
	Parameter C_S_AXI_CTRL_DATA_WIDTH bound to: 32 - type: integer 
	Parameter C_S_AXI_CTRL_ADDR_WIDTH bound to: 5 - type: integer 
	Parameter C_S_AXI_DATA_WIDTH bound to: 32 - type: integer 
	Parameter C_S_AXI_CTRL_WSTRB_WIDTH bound to: 4 - type: integer 
	Parameter C_S_AXI_WSTRB_WIDTH bound to: 4 - type: integer 
INFO: [Synth 8-5534] Detected attribute (* fsm_encoding = "none" *) [d:/WS/axi_stream_tutorial/pynq_run/pynq_run.srcs/sources_1/bd/ZynqStream/ipshared/6926/hdl/verilog/doGain.v:106]
INFO: [Synth 8-6157] synthesizing module 'doGain_CTRL_s_axi' [d:/WS/axi_stream_tutorial/pynq_run/pynq_run.srcs/sources_1/bd/ZynqStream/ipshared/6926/hdl/verilog/doGain_CTRL_s_axi.v:9]
	Parameter C_S_AXI_ADDR_WIDTH bound to: 5 - type: integer 
	Parameter C_S_AXI_DATA_WIDTH bound to: 32 - type: integer 
	Parameter ADDR_AP_CTRL bound to: 5'b00000 
	Parameter ADDR_GIE bound to: 5'b00100 
	Parameter ADDR_IER bound to: 5'b01000 
	Parameter ADDR_ISR bound to: 5'b01100 
	Parameter ADDR_GAIN_DATA_0 bound to: 5'b10000 
	Parameter ADDR_GAIN_CTRL bound to: 5'b10100 
	Parameter WRIDLE bound to: 2'b00 
	Parameter WRDATA bound to: 2'b01 
	Parameter WRRESP bound to: 2'b10 
	Parameter WRRESET bound to: 2'b11 
	Parameter RDIDLE bound to: 2'b00 
	Parameter RDDATA bound to: 2'b01 
	Parameter RDRESET bound to: 2'b10 
	Parameter ADDR_BITS bound to: 5 - type: integer 
INFO: [Synth 8-155] case statement is not full and has no default [d:/WS/axi_stream_tutorial/pynq_run/pynq_run.srcs/sources_1/bd/ZynqStream/ipshared/6926/hdl/verilog/doGain_CTRL_s_axi.v:196]
INFO: [Synth 8-6155] done synthesizing module 'doGain_CTRL_s_axi' (1#1) [d:/WS/axi_stream_tutorial/pynq_run/pynq_run.srcs/sources_1/bd/ZynqStream/ipshared/6926/hdl/verilog/doGain_CTRL_s_axi.v:9]
INFO: [Synth 8-6155] done synthesizing module 'doGain' (2#1) [d:/WS/axi_stream_tutorial/pynq_run/pynq_run.srcs/sources_1/bd/ZynqStream/ipshared/6926/hdl/verilog/doGain.v:12]
INFO: [Synth 8-6155] done synthesizing module 'ZynqStream_doGain_0_0' (3#1) [d:/WS/axi_stream_tutorial/pynq_run/pynq_run.srcs/sources_1/bd/ZynqStream/ip/ZynqStream_doGain_0_0/synth/ZynqStream_doGain_0_0.v:57]
---------------------------------------------------------------------------------
Finished RTL Elaboration : Time (s): cpu = 00:00:03 ; elapsed = 00:00:04 . Memory (MB): peak = 436.023 ; gain = 159.160
---------------------------------------------------------------------------------

Report Check Netlist: 
+------+------------------+-------+---------+-------+------------------+
|      |Item              |Errors |Warnings |Status |Description       |
+------+------------------+-------+---------+-------+------------------+
|1     |multi_driven_nets |      0|        0|Passed |Multi driven nets |
+------+------------------+-------+---------+-------+------------------+
---------------------------------------------------------------------------------
Start Handling Custom Attributes
---------------------------------------------------------------------------------
---------------------------------------------------------------------------------
Finished Handling Custom Attributes : Time (s): cpu = 00:00:03 ; elapsed = 00:00:04 . Memory (MB): peak = 436.023 ; gain = 159.160
---------------------------------------------------------------------------------
---------------------------------------------------------------------------------
Finished RTL Optimization Phase 1 : Time (s): cpu = 00:00:03 ; elapsed = 00:00:04 . Memory (MB): peak = 436.023 ; gain = 159.160
---------------------------------------------------------------------------------
INFO: [Device 21-403] Loading part xc7z020clg400-1
INFO: [Project 1-570] Preparing netlist for logic optimization

Processing XDC Constraints
Initializing timing engine
Parsing XDC File [d:/WS/axi_stream_tutorial/pynq_run/pynq_run.srcs/sources_1/bd/ZynqStream/ip/ZynqStream_doGain_0_0/constraints/doGain_ooc.xdc] for cell 'inst'
Finished Parsing XDC File [d:/WS/axi_stream_tutorial/pynq_run/pynq_run.srcs/sources_1/bd/ZynqStream/ip/ZynqStream_doGain_0_0/constraints/doGain_ooc.xdc] for cell 'inst'
Parsing XDC File [D:/WS/axi_stream_tutorial/pynq_run/pynq_run.runs/ZynqStream_doGain_0_0_synth_1/dont_touch.xdc]
Finished Parsing XDC File [D:/WS/axi_stream_tutorial/pynq_run/pynq_run.runs/ZynqStream_doGain_0_0_synth_1/dont_touch.xdc]
Completed Processing XDC Constraints

Netlist sorting complete. Time (s): cpu = 00:00:00 ; elapsed = 00:00:00 . Memory (MB): peak = 799.785 ; gain = 0.000
INFO: [Project 1-111] Unisim Transformation Summary:
No Unisim elements were transformed.

Netlist sorting complete. Time (s): cpu = 00:00:00 ; elapsed = 00:00:00 . Memory (MB): peak = 799.797 ; gain = 0.000
Constraint Validation Runtime : Time (s): cpu = 00:00:00 ; elapsed = 00:00:00.039 . Memory (MB): peak = 800.918 ; gain = 1.133
---------------------------------------------------------------------------------
Finished Constraint Validation : Time (s): cpu = 00:00:11 ; elapsed = 00:00:14 . Memory (MB): peak = 800.918 ; gain = 524.055
---------------------------------------------------------------------------------
---------------------------------------------------------------------------------
Start Loading Part and Timing Information
---------------------------------------------------------------------------------
Loading part: xc7z020clg400-1
---------------------------------------------------------------------------------
Finished Loading Part and Timing Information : Time (s): cpu = 00:00:11 ; elapsed = 00:00:14 . Memory (MB): peak = 800.918 ; gain = 524.055
---------------------------------------------------------------------------------
---------------------------------------------------------------------------------
Start Applying 'set_property' XDC Constraints
---------------------------------------------------------------------------------
Applied set_property DONT_TOUCH = true for inst. (constraint file  D:/WS/axi_stream_tutorial/pynq_run/pynq_run.runs/ZynqStream_doGain_0_0_synth_1/dont_touch.xdc, line 9).
---------------------------------------------------------------------------------
Finished applying 'set_property' XDC Constraints : Time (s): cpu = 00:00:11 ; elapsed = 00:00:14 . Memory (MB): peak = 800.918 ; gain = 524.055
---------------------------------------------------------------------------------
INFO: [Synth 8-802] inferred FSM for state register 'wstate_reg' in module 'doGain_CTRL_s_axi'
INFO: [Synth 8-802] inferred FSM for state register 'rstate_reg' in module 'doGain_CTRL_s_axi'
INFO: [Synth 8-5544] ROM "wnext" won't be mapped to Block RAM because address size (1) smaller than threshold (5)
INFO: [Synth 8-5544] ROM "wnext" won't be mapped to Block RAM because address size (1) smaller than threshold (5)
INFO: [Synth 8-4490] FSM extraction disabled for register 'ap_CS_fsm_reg' through user attribute
INFO: [Synth 8-5546] ROM "exitcond_fu_138_p2" won't be mapped to RAM because it is too sparse
---------------------------------------------------------------------------------------------------
                   State |                     New Encoding |                Previous Encoding 
---------------------------------------------------------------------------------------------------
                  iSTATE |                             0001 |                               11
*
                  WRIDLE |                             0010 |                               00
                  WRDATA |                             0100 |                               01
                  WRRESP |                             1000 |                               10
---------------------------------------------------------------------------------------------------
INFO: [Synth 8-3354] encoded FSM with state register 'wstate_reg' using encoding 'one-hot' in module 'doGain_CTRL_s_axi'
---------------------------------------------------------------------------------------------------
                   State |                     New Encoding |                Previous Encoding 
---------------------------------------------------------------------------------------------------
                  iSTATE |                              001 |                               10
*
                  RDIDLE |                              010 |                               00
                  RDDATA |                              100 |                               01
---------------------------------------------------------------------------------------------------
INFO: [Synth 8-3354] encoded FSM with state register 'rstate_reg' using encoding 'one-hot' in module 'doGain_CTRL_s_axi'
---------------------------------------------------------------------------------
Finished RTL Optimization Phase 2 : Time (s): cpu = 00:00:12 ; elapsed = 00:00:15 . Memory (MB): peak = 800.918 ; gain = 524.055
---------------------------------------------------------------------------------

Report RTL Partitions: 
+-+--------------+------------+----------+
| |RTL Partition |Replication |Instances |
+-+--------------+------------+----------+
+-+--------------+------------+----------+
---------------------------------------------------------------------------------
Start RTL Component Statistics 
---------------------------------------------------------------------------------
Detailed RTL Component Info : 
+---Adders : 
	   2 Input     10 Bit       Adders := 1     
+---XORs : 
	   2 Input      1 Bit         XORs := 2     
+---Registers : 
	               32 Bit    Registers := 8     
	               10 Bit    Registers := 1     
	                6 Bit    Registers := 5     
	                5 Bit    Registers := 6     
	                4 Bit    Registers := 10    
	                3 Bit    Registers := 1     
	                2 Bit    Registers := 20    
	                1 Bit    Registers := 46    
+---Multipliers : 
	                32x32  Multipliers := 1     
+---Muxes : 
	   2 Input     32 Bit        Muxes := 3     
	   6 Input     32 Bit        Muxes := 1     
	   2 Input      6 Bit        Muxes := 2     
	   2 Input      5 Bit        Muxes := 2     
	   4 Input      4 Bit        Muxes := 1     
	   2 Input      4 Bit        Muxes := 7     
	   3 Input      3 Bit        Muxes := 1     
	   2 Input      3 Bit        Muxes := 3     
	   6 Input      3 Bit        Muxes := 2     
	   2 Input      2 Bit        Muxes := 23    
	   4 Input      2 Bit        Muxes := 8     
	   3 Input      2 Bit        Muxes := 6     
	   2 Input      1 Bit        Muxes := 21    
---------------------------------------------------------------------------------
Finished RTL Component Statistics 
---------------------------------------------------------------------------------
---------------------------------------------------------------------------------
Start RTL Hierarchical Component Statistics 
---------------------------------------------------------------------------------
Hierarchical RTL Component report 
Module doGain_CTRL_s_axi 
Detailed RTL Component Info : 
+---XORs : 
	   2 Input      1 Bit         XORs := 2     
+---Registers : 
	               32 Bit    Registers := 2     
	                5 Bit    Registers := 1     
	                2 Bit    Registers := 1     
	                1 Bit    Registers := 8     
+---Muxes : 
	   2 Input     32 Bit        Muxes := 1     
	   6 Input     32 Bit        Muxes := 1     
	   4 Input      4 Bit        Muxes := 1     
	   2 Input      4 Bit        Muxes := 3     
	   3 Input      3 Bit        Muxes := 1     
	   2 Input      3 Bit        Muxes := 2     
	   6 Input      3 Bit        Muxes := 1     
	   2 Input      1 Bit        Muxes := 1     
Module doGain 
Detailed RTL Component Info : 
+---Adders : 
	   2 Input     10 Bit       Adders := 1     
+---Registers : 
	               32 Bit    Registers := 6     
	               10 Bit    Registers := 1     
	                6 Bit    Registers := 5     
	                5 Bit    Registers := 5     
	                4 Bit    Registers := 10    
	                3 Bit    Registers := 1     
	                2 Bit    Registers := 19    
	                1 Bit    Registers := 38    
+---Multipliers : 
	                32x32  Multipliers := 1     
+---Muxes : 
	   2 Input     32 Bit        Muxes := 2     
	   2 Input      6 Bit        Muxes := 2     
	   2 Input      5 Bit        Muxes := 2     
	   2 Input      4 Bit        Muxes := 4     
	   2 Input      3 Bit        Muxes := 1     
	   6 Input      3 Bit        Muxes := 1     
	   2 Input      2 Bit        Muxes := 23    
	   4 Input      2 Bit        Muxes := 8     
	   3 Input      2 Bit        Muxes := 6     
	   2 Input      1 Bit        Muxes := 20    
---------------------------------------------------------------------------------
Finished RTL Hierarchical Component Statistics
---------------------------------------------------------------------------------
---------------------------------------------------------------------------------
Start Part Resource Summary
---------------------------------------------------------------------------------
Part Resources:
DSPs: 220 (col length:60)
BRAMs: 280 (col length: RAMB18 60 RAMB36 30)
---------------------------------------------------------------------------------
Finished Part Resource Summary
---------------------------------------------------------------------------------
---------------------------------------------------------------------------------
Start Cross Boundary and Area Optimization
---------------------------------------------------------------------------------
Warning: Parallel synthesis criteria is not met 
INFO: [Synth 8-5546] ROM "exitcond_fu_138_p2" won't be mapped to RAM because it is too sparse
INFO: [Synth 8-5845] Not enough pipeline registers after wide multiplier. Recommended levels of pipeline registers is 4 [d:/WS/axi_stream_tutorial/pynq_run/pynq_run.srcs/sources_1/bd/ZynqStream/ipshared/6926/hdl/verilog/doGain.v:1753]
DSP Report: Generating DSP valOut_data_V_fu_178_p2, operation Mode is: A2*B.
DSP Report: register A is absorbed into DSP valOut_data_V_fu_178_p2.
DSP Report: operator valOut_data_V_fu_178_p2 is absorbed into DSP valOut_data_V_fu_178_p2.
DSP Report: operator valOut_data_V_fu_178_p2 is absorbed into DSP valOut_data_V_fu_178_p2.
DSP Report: Generating DSP valOut_data_V_reg_227_reg, operation Mode is: (PCIN>>17)+A*B2.
DSP Report: register B is absorbed into DSP valOut_data_V_reg_227_reg.
DSP Report: register valOut_data_V_reg_227_reg is absorbed into DSP valOut_data_V_reg_227_reg.
DSP Report: operator valOut_data_V_fu_178_p2 is absorbed into DSP valOut_data_V_reg_227_reg.
DSP Report: operator valOut_data_V_fu_178_p2 is absorbed into DSP valOut_data_V_reg_227_reg.
DSP Report: Generating DSP valOut_data_V_fu_178_p2, operation Mode is: A*B2.
DSP Report: register B is absorbed into DSP valOut_data_V_fu_178_p2.
DSP Report: operator valOut_data_V_fu_178_p2 is absorbed into DSP valOut_data_V_fu_178_p2.
DSP Report: operator valOut_data_V_fu_178_p2 is absorbed into DSP valOut_data_V_fu_178_p2.
DSP Report: Generating DSP valOut_data_V_reg_227_reg, operation Mode is: (PCIN>>17)+A*B2.
DSP Report: register B is absorbed into DSP valOut_data_V_reg_227_reg.
DSP Report: register valOut_data_V_reg_227_reg is absorbed into DSP valOut_data_V_reg_227_reg.
DSP Report: operator valOut_data_V_fu_178_p2 is absorbed into DSP valOut_data_V_reg_227_reg.
DSP Report: operator valOut_data_V_fu_178_p2 is absorbed into DSP valOut_data_V_reg_227_reg.
WARNING: [Synth 8-3332] Sequential element (doGain_CTRL_s_axi_U/FSM_onehot_wstate_reg[0]) is unused and will be removed from module doGain.
WARNING: [Synth 8-3332] Sequential element (doGain_CTRL_s_axi_U/FSM_onehot_rstate_reg[0]) is unused and will be removed from module doGain.
WARNING: [Synth 8-3332] Sequential element (valOut_data_V_reg_227_reg[47]) is unused and will be removed from module doGain.
WARNING: [Synth 8-3332] Sequential element (valOut_data_V_reg_227_reg[46]) is unused and will be removed from module doGain.
WARNING: [Synth 8-3332] Sequential element (valOut_data_V_reg_227_reg[45]) is unused and will be removed from module doGain.
WARNING: [Synth 8-3332] Sequential element (valOut_data_V_reg_227_reg[44]) is unused and will be removed from module doGain.
WARNING: [Synth 8-3332] Sequential element (valOut_data_V_reg_227_reg[43]) is unused and will be removed from module doGain.
WARNING: [Synth 8-3332] Sequential element (valOut_data_V_reg_227_reg[42]) is unused and will be removed from module doGain.
WARNING: [Synth 8-3332] Sequential element (valOut_data_V_reg_227_reg[41]) is unused and will be removed from module doGain.
WARNING: [Synth 8-3332] Sequential element (valOut_data_V_reg_227_reg[40]) is unused and will be removed from module doGain.
WARNING: [Synth 8-3332] Sequential element (valOut_data_V_reg_227_reg[39]) is unused and will be removed from module doGain.
WARNING: [Synth 8-3332] Sequential element (valOut_data_V_reg_227_reg[38]) is unused and will be removed from module doGain.
WARNING: [Synth 8-3332] Sequential element (valOut_data_V_reg_227_reg[37]) is unused and will be removed from module doGain.
WARNING: [Synth 8-3332] Sequential element (valOut_data_V_reg_227_reg[36]) is unused and will be removed from module doGain.
WARNING: [Synth 8-3332] Sequential element (valOut_data_V_reg_227_reg[35]) is unused and will be removed from module doGain.
WARNING: [Synth 8-3332] Sequential element (valOut_data_V_reg_227_reg[34]) is unused and will be removed from module doGain.
WARNING: [Synth 8-3332] Sequential element (valOut_data_V_reg_227_reg[33]) is unused and will be removed from module doGain.
WARNING: [Synth 8-3332] Sequential element (valOut_data_V_reg_227_reg[32]) is unused and will be removed from module doGain.
WARNING: [Synth 8-3332] Sequential element (valOut_data_V_reg_227_reg[31]) is unused and will be removed from module doGain.
WARNING: [Synth 8-3332] Sequential element (valOut_data_V_reg_227_reg[30]) is unused and will be removed from module doGain.
WARNING: [Synth 8-3332] Sequential element (valOut_data_V_reg_227_reg[29]) is unused and will be removed from module doGain.
WARNING: [Synth 8-3332] Sequential element (valOut_data_V_reg_227_reg[28]) is unused and will be removed from module doGain.
WARNING: [Synth 8-3332] Sequential element (valOut_data_V_reg_227_reg[27]) is unused and will be removed from module doGain.
WARNING: [Synth 8-3332] Sequential element (valOut_data_V_reg_227_reg[26]) is unused and will be removed from module doGain.
WARNING: [Synth 8-3332] Sequential element (valOut_data_V_reg_227_reg[25]) is unused and will be removed from module doGain.
WARNING: [Synth 8-3332] Sequential element (valOut_data_V_reg_227_reg[24]) is unused and will be removed from module doGain.
WARNING: [Synth 8-3332] Sequential element (valOut_data_V_reg_227_reg[23]) is unused and will be removed from module doGain.
WARNING: [Synth 8-3332] Sequential element (valOut_data_V_reg_227_reg[22]) is unused and will be removed from module doGain.
WARNING: [Synth 8-3332] Sequential element (valOut_data_V_reg_227_reg[21]) is unused and will be removed from module doGain.
WARNING: [Synth 8-3332] Sequential element (valOut_data_V_reg_227_reg[20]) is unused and will be removed from module doGain.
WARNING: [Synth 8-3332] Sequential element (valOut_data_V_reg_227_reg[19]) is unused and will be removed from module doGain.
WARNING: [Synth 8-3332] Sequential element (valOut_data_V_reg_227_reg[18]) is unused and will be removed from module doGain.
WARNING: [Synth 8-3332] Sequential element (valOut_data_V_reg_227_reg[17]) is unused and will be removed from module doGain.
WARNING: [Synth 8-3332] Sequential element (valOut_data_V_reg_227_reg[16]) is unused and will be removed from module doGain.
WARNING: [Synth 8-3332] Sequential element (valOut_data_V_reg_227_reg[15]) is unused and will be removed from module doGain.
WARNING: [Synth 8-3332] Sequential element (valOut_data_V_reg_227_reg[47]__0) is unused and will be removed from module doGain.
WARNING: [Synth 8-3332] Sequential element (valOut_data_V_reg_227_reg[46]__0) is unused and will be removed from module doGain.
WARNING: [Synth 8-3332] Sequential element (valOut_data_V_reg_227_reg[45]__0) is unused and will be removed from module doGain.
WARNING: [Synth 8-3332] Sequential element (valOut_data_V_reg_227_reg[44]__0) is unused and will be removed from module doGain.
WARNING: [Synth 8-3332] Sequential element (valOut_data_V_reg_227_reg[43]__0) is unused and will be removed from module doGain.
WARNING: [Synth 8-3332] Sequential element (valOut_data_V_reg_227_reg[42]__0) is unused and will be removed from module doGain.
WARNING: [Synth 8-3332] Sequential element (valOut_data_V_reg_227_reg[41]__0) is unused and will be removed from module doGain.
WARNING: [Synth 8-3332] Sequential element (valOut_data_V_reg_227_reg[40]__0) is unused and will be removed from module doGain.
WARNING: [Synth 8-3332] Sequential element (valOut_data_V_reg_227_reg[39]__0) is unused and will be removed from module doGain.
WARNING: [Synth 8-3332] Sequential element (valOut_data_V_reg_227_reg[38]__0) is unused and will be removed from module doGain.
WARNING: [Synth 8-3332] Sequential element (valOut_data_V_reg_227_reg[37]__0) is unused and will be removed from module doGain.
WARNING: [Synth 8-3332] Sequential element (valOut_data_V_reg_227_reg[36]__0) is unused and will be removed from module doGain.
WARNING: [Synth 8-3332] Sequential element (valOut_data_V_reg_227_reg[35]__0) is unused and will be removed from module doGain.
WARNING: [Synth 8-3332] Sequential element (valOut_data_V_reg_227_reg[34]__0) is unused and will be removed from module doGain.
WARNING: [Synth 8-3332] Sequential element (valOut_data_V_reg_227_reg[33]__0) is unused and will be removed from module doGain.
WARNING: [Synth 8-3332] Sequential element (valOut_data_V_reg_227_reg[32]__0) is unused and will be removed from module doGain.
WARNING: [Synth 8-3332] Sequential element (valOut_data_V_reg_227_reg[31]__0) is unused and will be removed from module doGain.
WARNING: [Synth 8-3332] Sequential element (valOut_data_V_reg_227_reg[30]__0) is unused and will be removed from module doGain.
WARNING: [Synth 8-3332] Sequential element (valOut_data_V_reg_227_reg[29]__0) is unused and will be removed from module doGain.
WARNING: [Synth 8-3332] Sequential element (valOut_data_V_reg_227_reg[28]__0) is unused and will be removed from module doGain.
WARNING: [Synth 8-3332] Sequential element (valOut_data_V_reg_227_reg[27]__0) is unused and will be removed from module doGain.
WARNING: [Synth 8-3332] Sequential element (valOut_data_V_reg_227_reg[26]__0) is unused and will be removed from module doGain.
WARNING: [Synth 8-3332] Sequential element (valOut_data_V_reg_227_reg[25]__0) is unused and will be removed from module doGain.
WARNING: [Synth 8-3332] Sequential element (valOut_data_V_reg_227_reg[24]__0) is unused and will be removed from module doGain.
WARNING: [Synth 8-3332] Sequential element (valOut_data_V_reg_227_reg[23]__0) is unused and will be removed from module doGain.
WARNING: [Synth 8-3332] Sequential element (valOut_data_V_reg_227_reg[22]__0) is unused and will be removed from module doGain.
WARNING: [Synth 8-3332] Sequential element (valOut_data_V_reg_227_reg[21]__0) is unused and will be removed from module doGain.
WARNING: [Synth 8-3332] Sequential element (valOut_data_V_reg_227_reg[20]__0) is unused and will be removed from module doGain.
WARNING: [Synth 8-3332] Sequential element (valOut_data_V_reg_227_reg[19]__0) is unused and will be removed from module doGain.
WARNING: [Synth 8-3332] Sequential element (valOut_data_V_reg_227_reg[18]__0) is unused and will be removed from module doGain.
WARNING: [Synth 8-3332] Sequential element (valOut_data_V_reg_227_reg[17]__0) is unused and will be removed from module doGain.
---------------------------------------------------------------------------------
Finished Cross Boundary and Area Optimization : Time (s): cpu = 00:00:15 ; elapsed = 00:00:18 . Memory (MB): peak = 800.918 ; gain = 524.055
---------------------------------------------------------------------------------
---------------------------------------------------------------------------------
Start ROM, RAM, DSP and Shift Register Reporting
---------------------------------------------------------------------------------

DSP: Preliminary Mapping  Report (see note below)
+------------+-----------------+--------+--------+--------+--------+--------+------+------+------+------+-------+------+------+
|Module Name | DSP Mapping     | A Size | B Size | C Size | D Size | P Size | AREG | BREG | CREG | DREG | ADREG | MREG | PREG | 
+------------+-----------------+--------+--------+--------+--------+--------+------+------+------+------+-------+------+------+
|doGain      | A2*B            | 18     | 15     | -      | -      | 48     | 1    | 0    | -    | -    | -     | 0    | 0    | 
|doGain      | (PCIN>>17)+A*B2 | 15     | 15     | -      | -      | 48     | 0    | 1    | -    | -    | -     | 0    | 1    | 
|doGain      | A*B2            | 18     | 18     | -      | -      | 48     | 0    | 1    | -    | -    | -     | 0    | 0    | 
|doGain      | (PCIN>>17)+A*B2 | 18     | 15     | -      | -      | 48     | 0    | 1    | -    | -    | -     | 0    | 1    | 
+------------+-----------------+--------+--------+--------+--------+--------+------+------+------+------+-------+------+------+

Note: The table above is a preliminary report that shows the DSPs inferred at the current stage of the synthesis flow. Some DSP may be reimplemented as non DSP primitives later in the synthesis flow. Multiple instantiated DSPs are reported only once.
---------------------------------------------------------------------------------
Finished ROM, RAM, DSP and Shift Register Reporting
---------------------------------------------------------------------------------

Report RTL Partitions: 
+-+--------------+------------+----------+
| |RTL Partition |Replication |Instances |
+-+--------------+------------+----------+
+-+--------------+------------+----------+
---------------------------------------------------------------------------------
Start Applying XDC Timing Constraints
---------------------------------------------------------------------------------
---------------------------------------------------------------------------------
Finished Applying XDC Timing Constraints : Time (s): cpu = 00:00:28 ; elapsed = 00:00:32 . Memory (MB): peak = 837.934 ; gain = 561.070
---------------------------------------------------------------------------------
---------------------------------------------------------------------------------
Start Timing Optimization
---------------------------------------------------------------------------------
---------------------------------------------------------------------------------
Finished Timing Optimization : Time (s): cpu = 00:00:28 ; elapsed = 00:00:33 . Memory (MB): peak = 848.520 ; gain = 571.656
---------------------------------------------------------------------------------

Report RTL Partitions: 
+-+--------------+------------+----------+
| |RTL Partition |Replication |Instances |
+-+--------------+------------+----------+
+-+--------------+------------+----------+
---------------------------------------------------------------------------------
Start Technology Mapping
---------------------------------------------------------------------------------
---------------------------------------------------------------------------------
Finished Technology Mapping : Time (s): cpu = 00:00:28 ; elapsed = 00:00:33 . Memory (MB): peak = 855.469 ; gain = 578.605
---------------------------------------------------------------------------------

Report RTL Partitions: 
+-+--------------+------------+----------+
| |RTL Partition |Replication |Instances |
+-+--------------+------------+----------+
+-+--------------+------------+----------+
---------------------------------------------------------------------------------
Start IO Insertion
---------------------------------------------------------------------------------
---------------------------------------------------------------------------------
Start Flattening Before IO Insertion
---------------------------------------------------------------------------------
---------------------------------------------------------------------------------
Finished Flattening Before IO Insertion
---------------------------------------------------------------------------------
---------------------------------------------------------------------------------
Start Final Netlist Cleanup
---------------------------------------------------------------------------------
---------------------------------------------------------------------------------
Finished Final Netlist Cleanup
---------------------------------------------------------------------------------
---------------------------------------------------------------------------------
Finished IO Insertion : Time (s): cpu = 00:00:30 ; elapsed = 00:00:34 . Memory (MB): peak = 855.469 ; gain = 578.605
---------------------------------------------------------------------------------

Report Check Netlist: 
+------+------------------+-------+---------+-------+------------------+
|      |Item              |Errors |Warnings |Status |Description       |
+------+------------------+-------+---------+-------+------------------+
|1     |multi_driven_nets |      0|        0|Passed |Multi driven nets |
+------+------------------+-------+---------+-------+------------------+
---------------------------------------------------------------------------------
Start Renaming Generated Instances
---------------------------------------------------------------------------------
---------------------------------------------------------------------------------
Finished Renaming Generated Instances : Time (s): cpu = 00:00:30 ; elapsed = 00:00:34 . Memory (MB): peak = 855.469 ; gain = 578.605
---------------------------------------------------------------------------------

Report RTL Partitions: 
+-+--------------+------------+----------+
| |RTL Partition |Replication |Instances |
+-+--------------+------------+----------+
+-+--------------+------------+----------+
---------------------------------------------------------------------------------
Start Rebuilding User Hierarchy
---------------------------------------------------------------------------------
---------------------------------------------------------------------------------
Finished Rebuilding User Hierarchy : Time (s): cpu = 00:00:30 ; elapsed = 00:00:34 . Memory (MB): peak = 855.469 ; gain = 578.605
---------------------------------------------------------------------------------
---------------------------------------------------------------------------------
Start Renaming Generated Ports
---------------------------------------------------------------------------------
---------------------------------------------------------------------------------
Finished Renaming Generated Ports : Time (s): cpu = 00:00:30 ; elapsed = 00:00:34 . Memory (MB): peak = 855.469 ; gain = 578.605
---------------------------------------------------------------------------------
---------------------------------------------------------------------------------
Start Handling Custom Attributes
---------------------------------------------------------------------------------
---------------------------------------------------------------------------------
Finished Handling Custom Attributes : Time (s): cpu = 00:00:30 ; elapsed = 00:00:34 . Memory (MB): peak = 855.469 ; gain = 578.605
---------------------------------------------------------------------------------
---------------------------------------------------------------------------------
Start Renaming Generated Nets
---------------------------------------------------------------------------------
---------------------------------------------------------------------------------
Finished Renaming Generated Nets : Time (s): cpu = 00:00:30 ; elapsed = 00:00:34 . Memory (MB): peak = 855.469 ; gain = 578.605
---------------------------------------------------------------------------------
---------------------------------------------------------------------------------
Start Writing Synthesis Report
---------------------------------------------------------------------------------

Report BlackBoxes: 
+-+--------------+----------+
| |BlackBox name |Instances |
+-+--------------+----------+
+-+--------------+----------+

Report Cell Usage: 
+------+----------+------+
|      |Cell      |Count |
+------+----------+------+
|1     |CARRY4    |     4|
|2     |DSP48E1   |     1|
|3     |DSP48E1_1 |     1|
|4     |DSP48E1_2 |     1|
|5     |LUT1      |     2|
|6     |LUT2      |    25|
|7     |LUT3      |   196|
|8     |LUT4      |    35|
|9     |LUT5      |    46|
|10    |LUT6      |    15|
|11    |FDRE      |   412|
|12    |FDSE      |     1|
+------+----------+------+

Report Instance Areas: 
+------+------------------------+------------------+------+
|      |Instance                |Module            |Cells |
+------+------------------------+------------------+------+
|1     |top                     |                  |   739|
|2     |  inst                  |doGain            |   739|
|3     |    doGain_CTRL_s_axi_U |doGain_CTRL_s_axi |   164|
+------+------------------------+------------------+------+
---------------------------------------------------------------------------------
Finished Writing Synthesis Report : Time (s): cpu = 00:00:30 ; elapsed = 00:00:34 . Memory (MB): peak = 855.469 ; gain = 578.605
---------------------------------------------------------------------------------
Synthesis finished with 0 errors, 0 critical warnings and 66 warnings.
Synthesis Optimization Runtime : Time (s): cpu = 00:00:21 ; elapsed = 00:00:27 . Memory (MB): peak = 855.469 ; gain = 213.711
Synthesis Optimization Complete : Time (s): cpu = 00:00:30 ; elapsed = 00:00:34 . Memory (MB): peak = 855.469 ; gain = 578.605
INFO: [Project 1-571] Translating synthesized netlist
INFO: [Netlist 29-17] Analyzing 7 Unisim elements for replacement
INFO: [Netlist 29-28] Unisim Transformation completed in 0 CPU seconds
INFO: [Project 1-570] Preparing netlist for logic optimization
INFO: [Opt 31-138] Pushed 0 inverter(s) to 0 load pin(s).
Netlist sorting complete. Time (s): cpu = 00:00:00 ; elapsed = 00:00:00 . Memory (MB): peak = 855.469 ; gain = 0.000
INFO: [Project 1-111] Unisim Transformation Summary:
No Unisim elements were transformed.

INFO: [Common 17-83] Releasing license: Synthesis
32 Infos, 67 Warnings, 0 Critical Warnings and 0 Errors encountered.
synth_design completed successfully
synth_design: Time (s): cpu = 00:00:32 ; elapsed = 00:00:37 . Memory (MB): peak = 855.469 ; gain = 582.965
Netlist sorting complete. Time (s): cpu = 00:00:00 ; elapsed = 00:00:00 . Memory (MB): peak = 855.469 ; gain = 0.000
WARNING: [Constraints 18-5210] No constraints selected for write.
Resolution: This message can indicate that there are no constraints for the design, or it can indicate that the used_in flags are set such that the constraints are ignored. This later case is used when running synth_design to not write synthesis constraints to the resulting checkpoint. Instead, project constraints are read when the synthesized design is opened.
INFO: [Common 17-1381] The checkpoint 'D:/WS/axi_stream_tutorial/pynq_run/pynq_run.runs/ZynqStream_doGain_0_0_synth_1/ZynqStream_doGain_0_0.dcp' has been generated.
INFO: [Coretcl 2-1648] Added synthesis output to IP cache for IP ZynqStream_doGain_0_0, cache-ID = 83d7653458556271
INFO: [Coretcl 2-1174] Renamed 2 cell refs.
Netlist sorting complete. Time (s): cpu = 00:00:00 ; elapsed = 00:00:00.001 . Memory (MB): peak = 855.469 ; gain = 0.000
WARNING: [Constraints 18-5210] No constraints selected for write.
Resolution: This message can indicate that there are no constraints for the design, or it can indicate that the used_in flags are set such that the constraints are ignored. This later case is used when running synth_design to not write synthesis constraints to the resulting checkpoint. Instead, project constraints are read when the synthesized design is opened.
INFO: [Common 17-1381] The checkpoint 'D:/WS/axi_stream_tutorial/pynq_run/pynq_run.runs/ZynqStream_doGain_0_0_synth_1/ZynqStream_doGain_0_0.dcp' has been generated.
INFO: [runtcl-4] Executing : report_utilization -file ZynqStream_doGain_0_0_utilization_synth.rpt -pb ZynqStream_doGain_0_0_utilization_synth.pb
INFO: [Common 17-206] Exiting Vivado at Thu Mar 14 12:13:41 2019...
