Value is 0 
Value is 5 
Value is 10 
Value is 15 
Value is 20 
Value is 25 
Value is 30 
Value is 35 
Value is 40 
Value is 45 
Value is 50 
Value is 55 
Value is 60 
Value is 65 
Value is 70 
Value is 75 
Value is 80 
Value is 85 
Value is 90 
Value is 95 
Value is 100 
Value is 105 
Value is 110 
Value is 115 
Value is 120 
Value is 125 
Value is 130 
Value is 135 
Value is 140 
Value is 145 
Value is 150 
Value is 155 
Value is 160 
Value is 165 
Value is 170 
Value is 175 
Value is 180 
Value is 185 
Value is 190 
Value is 195 
Value is 200 
Value is 205 
Value is 210 
Value is 215 
Value is 220 
Value is 225 
Value is 230 
Value is 235 
Value is 240 
Value is 245 
Value is 250 
Value is 255 
Value is 260 
Value is 265 
Value is 270 
Value is 275 
Value is 280 
Value is 285 
Value is 290 
Value is 295 
Value is 300 
Value is 305 
Value is 310 
Value is 315 
Value is 320 
Value is 325 
Value is 330 
Value is 335 
Value is 340 
Value is 345 
Value is 350 
Value is 355 
Value is 360 
Value is 365 
Value is 370 
Value is 375 
Value is 380 
Value is 385 
Value is 390 
Value is 395 
Value is 400 
Value is 405 
Value is 410 
Value is 415 
Value is 420 
Value is 425 
Value is 430 
Value is 435 
Value is 440 
Value is 445 
Value is 450 
Value is 455 
Value is 460 
Value is 465 
Value is 470 
Value is 475 
Value is 480 
Value is 485 
Value is 490 
Value is 495 
Value is 500 
Value is 505 
Value is 510 
Value is 515 
Value is 520 
Value is 525 
Value is 530 
Value is 535 
Value is 540 
Value is 545 
Value is 550 
Value is 555 
Value is 560 
Value is 565 
Value is 570 
Value is 575 
Value is 580 
Value is 585 
Value is 590 
Value is 595 
Value is 600 
Value is 605 
Value is 610 
Value is 615 
Value is 620 
Value is 625 
Value is 630 
Value is 635 
Value is 640 
Value is 645 
Value is 650 
Value is 655 
Value is 660 
Value is 665 
Value is 670 
Value is 675 
Value is 680 
Value is 685 
Value is 690 
Value is 695 
Value is 700 
Value is 705 
Value is 710 
Value is 715 
Value is 720 
Value is 725 
Value is 730 
Value is 735 
Value is 740 
Value is 745 
Value is 750 
Value is 755 
Value is 760 
Value is 765 
Value is 770 
Value is 775 
Value is 780 
Value is 785 
Value is 790 
Value is 795 
Value is 800 
Value is 805 
Value is 810 
Value is 815 
Value is 820 
Value is 825 
Value is 830 
Value is 835 
Value is 840 
Value is 845 
Value is 850 
Value is 855 
Value is 860 
Value is 865 
Value is 870 
Value is 875 
Value is 880 
Value is 885 
Value is 890 
Value is 895 
Value is 900 
Value is 905 
Value is 910 
Value is 915 
Value is 920 
Value is 925 
Value is 930 
Value is 935 
Value is 940 
Value is 945 
Value is 950 
Value is 955 
Value is 960 
Value is 965 
Value is 970 
Value is 975 
Value is 980 
Value is 985 
Value is 990 
Value is 995 
Value is 1000 
Value is 1005 
Value is 1010 
Value is 1015 
Value is 1020 
Value is 1025 
Value is 1030 
Value is 1035 
Value is 1040 
Value is 1045 
Value is 1050 
Value is 1055 
Value is 1060 
Value is 1065 
Value is 1070 
Value is 1075 
Value is 1080 
Value is 1085 
Value is 1090 
Value is 1095 
Value is 1100 
Value is 1105 
Value is 1110 
Value is 1115 
Value is 1120 
Value is 1125 
Value is 1130 
Value is 1135 
Value is 1140 
Value is 1145 
Value is 1150 
Value is 1155 
Value is 1160 
Value is 1165 
Value is 1170 
Value is 1175 
Value is 1180 
Value is 1185 
Value is 1190 
Value is 1195 
Value is 1200 
Value is 1205 
Value is 1210 
Value is 1215 
Value is 1220 
Value is 1225 
Value is 1230 
Value is 1235 
Value is 1240 
Value is 1245 
Value is 1250 
Value is 1255 
Value is 1260 
Value is 1265 
Value is 1270 
Value is 1275 
Value is 1280 
Value is 1285 
Value is 1290 
Value is 1295 
Value is 1300 
Value is 1305 
Value is 1310 
Value is 1315 
Value is 1320 
Value is 1325 
Value is 1330 
Value is 1335 
Value is 1340 
Value is 1345 
Value is 1350 
Value is 1355 
Value is 1360 
Value is 1365 
Value is 1370 
Value is 1375 
Value is 1380 
Value is 1385 
Value is 1390 
Value is 1395 
Value is 1400 
Value is 1405 
Value is 1410 
Value is 1415 
Value is 1420 
Value is 1425 
Value is 1430 
Value is 1435 
Value is 1440 
Value is 1445 
Value is 1450 
Value is 1455 
Value is 1460 
Value is 1465 
Value is 1470 
Value is 1475 
Value is 1480 
Value is 1485 
Value is 1490 
Value is 1495 
Value is 1500 
Value is 1505 
Value is 1510 
Value is 1515 
Value is 1520 
Value is 1525 
Value is 1530 
Value is 1535 
Value is 1540 
Value is 1545 
Value is 1550 
Value is 1555 
Value is 1560 
Value is 1565 
Value is 1570 
Value is 1575 
Value is 1580 
Value is 1585 
Value is 1590 
Value is 1595 
Value is 1600 
Value is 1605 
Value is 1610 
Value is 1615 
Value is 1620 
Value is 1625 
Value is 1630 
Value is 1635 
Value is 1640 
Value is 1645 
Value is 1650 
Value is 1655 
Value is 1660 
Value is 1665 
Value is 1670 
Value is 1675 
Value is 1680 
Value is 1685 
Value is 1690 
Value is 1695 
Value is 1700 
Value is 1705 
Value is 1710 
Value is 1715 
Value is 1720 
Value is 1725 
Value is 1730 
Value is 1735 
Value is 1740 
Value is 1745 
Value is 1750 
Value is 1755 
Value is 1760 
Value is 1765 
Value is 1770 
Value is 1775 
Value is 1780 
Value is 1785 
Value is 1790 
Value is 1795 
Value is 1800 
Value is 1805 
Value is 1810 
Value is 1815 
Value is 1820 
Value is 1825 
Value is 1830 
Value is 1835 
Value is 1840 
Value is 1845 
Value is 1850 
Value is 1855 
Value is 1860 
Value is 1865 
Value is 1870 
Value is 1875 
Value is 1880 
Value is 1885 
Value is 1890 
Value is 1895 
Value is 1900 
Value is 1905 
Value is 1910 
Value is 1915 
Value is 1920 
Value is 1925 
Value is 1930 
Value is 1935 
Value is 1940 
Value is 1945 
Value is 1950 
Value is 1955 
Value is 1960 
Value is 1965 
Value is 1970 
Value is 1975 
Value is 1980 
Value is 1985 
Value is 1990 
Value is 1995 
Value is 2000 
Value is 2005 
Value is 2010 
Value is 2015 
Value is 2020 
Value is 2025 
Value is 2030 
Value is 2035 
Value is 2040 
Value is 2045 
Value is 2050 
Value is 2055 
Value is 2060 
Value is 2065 
Value is 2070 
Value is 2075 
Value is 2080 
Value is 2085 
Value is 2090 
Value is 2095 
Value is 2100 
Value is 2105 
Value is 2110 
Value is 2115 
Value is 2120 
Value is 2125 
Value is 2130 
Value is 2135 
Value is 2140 
Value is 2145 
Value is 2150 
Value is 2155 
Value is 2160 
Value is 2165 
Value is 2170 
Value is 2175 
Value is 2180 
Value is 2185 
Value is 2190 
Value is 2195 
Value is 2200 
Value is 2205 
Value is 2210 
Value is 2215 
Value is 2220 
Value is 2225 
Value is 2230 
Value is 2235 
Value is 2240 
Value is 2245 
Value is 2250 
Value is 2255 
Value is 2260 
Value is 2265 
Value is 2270 
Value is 2275 
Value is 2280 
Value is 2285 
Value is 2290 
Value is 2295 
Value is 2300 
Value is 2305 
Value is 2310 
Value is 2315 
Value is 2320 
Value is 2325 
Value is 2330 
Value is 2335 
Value is 2340 
Value is 2345 
Value is 2350 
Value is 2355 
Value is 2360 
Value is 2365 
Value is 2370 
Value is 2375 
Value is 2380 
Value is 2385 
Value is 2390 
Value is 2395 
Value is 2400 
Value is 2405 
Value is 2410 
Value is 2415 
Value is 2420 
Value is 2425 
Value is 2430 
Value is 2435 
Value is 2440 
Value is 2445 
Value is 2450 
Value is 2455 
Value is 2460 
Value is 2465 
Value is 2470 
Value is 2475 
Value is 2480 
Value is 2485 
Value is 2490 
Value is 2495 
Value is 2500 
Value is 2505 
Value is 2510 
Value is 2515 
Value is 2520 
Value is 2525 
Value is 2530 
Value is 2535 
Value is 2540 
Value is 2545 
Value is 2550 
Value is 2555 
Value is 2560 
Value is 2565 
Value is 2570 
Value is 2575 
Value is 2580 
Value is 2585 
Value is 2590 
Value is 2595 
Value is 2600 
Value is 2605 
Value is 2610 
Value is 2615 
Value is 2620 
Value is 2625 
Value is 2630 
Value is 2635 
Value is 2640 
Value is 2645 
Value is 2650 
Value is 2655 
Value is 2660 
Value is 2665 
Value is 2670 
Value is 2675 
Value is 2680 
Value is 2685 
Value is 2690 
Value is 2695 
Value is 2700 
Value is 2705 
Value is 2710 
Value is 2715 
Value is 2720 
Value is 2725 
Value is 2730 
Value is 2735 
Value is 2740 
Value is 2745 
Value is 2750 
Value is 2755 
Value is 2760 
Value is 2765 
Value is 2770 
Value is 2775 
Value is 2780 
Value is 2785 
Value is 2790 
Value is 2795 
Value is 2800 
Value is 2805 
Value is 2810 
Value is 2815 
Value is 2820 
Value is 2825 
Value is 2830 
Value is 2835 
Value is 2840 
Value is 2845 
Value is 2850 
Value is 2855 
Value is 2860 
Value is 2865 
Value is 2870 
Value is 2875 
Value is 2880 
Value is 2885 
Value is 2890 
Value is 2895 
Value is 2900 
Value is 2905 
Value is 2910 
Value is 2915 
Value is 2920 
Value is 2925 
Value is 2930 
Value is 2935 
Value is 2940 
Value is 2945 
Value is 2950 
Value is 2955 
Value is 2960 
Value is 2965 
Value is 2970 
Value is 2975 
Value is 2980 
Value is 2985 
Value is 2990 
Value is 2995 
Value is 3000 
Value is 3005 
Value is 3010 
Value is 3015 
Value is 3020 
Value is 3025 
Value is 3030 
Value is 3035 
Value is 3040 
Value is 3045 
Value is 3050 
Value is 3055 
Value is 3060 
Value is 3065 
Value is 3070 
Value is 3075 
Value is 3080 
Value is 3085 
Value is 3090 
Value is 3095 
Value is 3100 
Value is 3105 
Value is 3110 
Value is 3115 
Value is 3120 
Value is 3125 
Value is 3130 
Value is 3135 
Value is 3140 
Value is 3145 
Value is 3150 
Value is 3155 
Value is 3160 
Value is 3165 
Value is 3170 
Value is 3175 
Value is 3180 
Value is 3185 
Value is 3190 
Value is 3195 
Value is 3200 
Value is 3205 
Value is 3210 
Value is 3215 
Value is 3220 
Value is 3225 
Value is 3230 
Value is 3235 
Value is 3240 
Value is 3245 
Value is 3250 
Value is 3255 
Value is 3260 
Value is 3265 
Value is 3270 
Value is 3275 
Value is 3280 
Value is 3285 
Value is 3290 
Value is 3295 
Value is 3300 
Value is 3305 
Value is 3310 
Value is 3315 
Value is 3320 
Value is 3325 
Value is 3330 
Value is 3335 
Value is 3340 
Value is 3345 
Value is 3350 
Value is 3355 
Value is 3360 
Value is 3365 
Value is 3370 
Value is 3375 
Value is 3380 
Value is 3385 
Value is 3390 
Value is 3395 
Value is 3400 
Value is 3405 
Value is 3410 
Value is 3415 
Value is 3420 
Value is 3425 
Value is 3430 
Value is 3435 
Value is 3440 
Value is 3445 
Value is 3450 
Value is 3455 
Value is 3460 
Value is 3465 
Value is 3470 
Value is 3475 
Value is 3480 
Value is 3485 
Value is 3490 
Value is 3495 
Value is 3500 
Value is 3505 
Value is 3510 
Value is 3515 
Value is 3520 
Value is 3525 
Value is 3530 
Value is 3535 
Value is 3540 
Value is 3545 
Value is 3550 
Value is 3555 
Value is 3560 
Value is 3565 
Value is 3570 
Value is 3575 
Value is 3580 
Value is 3585 
Value is 3590 
Value is 3595 
Value is 3600 
Value is 3605 
Value is 3610 
Value is 3615 
Value is 3620 
Value is 3625 
Value is 3630 
Value is 3635 
Value is 3640 
Value is 3645 
Value is 3650 
Value is 3655 
Value is 3660 
Value is 3665 
Value is 3670 
Value is 3675 
Value is 3680 
Value is 3685 
Value is 3690 
Value is 3695 
Value is 3700 
Value is 3705 
Value is 3710 
Value is 3715 
Value is 3720 
Value is 3725 
Value is 3730 
Value is 3735 
Value is 3740 
Value is 3745 
Value is 3750 
Value is 3755 
Value is 3760 
Value is 3765 
Value is 3770 
Value is 3775 
Value is 3780 
Value is 3785 
Value is 3790 
Value is 3795 
Value is 3800 
Value is 3805 
Value is 3810 
Value is 3815 
Value is 3820 
Value is 3825 
Value is 3830 
Value is 3835 
Value is 3840 
Value is 3845 
Value is 3850 
Value is 3855 
Value is 3860 
Value is 3865 
Value is 3870 
Value is 3875 
Value is 3880 
Value is 3885 
Value is 3890 
Value is 3895 
Value is 3900 
Value is 3905 
Value is 3910 
Value is 3915 
Value is 3920 
Value is 3925 
Value is 3930 
Value is 3935 
Value is 3940 
Value is 3945 
Value is 3950 
Value is 3955 
Value is 3960 
Value is 3965 
Value is 3970 
Value is 3975 
Value is 3980 
Value is 3985 
Value is 3990 
Value is 3995 
Value is 4000 
Value is 4005 
Value is 4010 
Value is 4015 
Value is 4020 
Value is 4025 
Value is 4030 
Value is 4035 
Value is 4040 
Value is 4045 
Value is 4050 
Value is 4055 
Value is 4060 
Value is 4065 
Value is 4070 
Value is 4075 
Value is 4080 
Value is 4085 
Value is 4090 
Value is 4095 
Value is 4100 
Value is 4105 
Value is 4110 
Value is 4115 
Value is 4120 
Value is 4125 
Value is 4130 
Value is 4135 
Value is 4140 
Value is 4145 
Value is 4150 
Value is 4155 
Value is 4160 
Value is 4165 
Value is 4170 
Value is 4175 
Value is 4180 
Value is 4185 
Value is 4190 
Value is 4195 
Value is 4200 
Value is 4205 
Value is 4210 
Value is 4215 
Value is 4220 
Value is 4225 
Value is 4230 
Value is 4235 
Value is 4240 
Value is 4245 
Value is 4250 
Value is 4255 
Value is 4260 
Value is 4265 
Value is 4270 
Value is 4275 
Value is 4280 
Value is 4285 
Value is 4290 
Value is 4295 
Value is 4300 
Value is 4305 
Value is 4310 
Value is 4315 
Value is 4320 
Value is 4325 
Value is 4330 
Value is 4335 
Value is 4340 
Value is 4345 
Value is 4350 
Value is 4355 
Value is 4360 
Value is 4365 
Value is 4370 
Value is 4375 
Value is 4380 
Value is 4385 
Value is 4390 
Value is 4395 
Value is 4400 
Value is 4405 
Value is 4410 
Value is 4415 
Value is 4420 
Value is 4425 
Value is 4430 
Value is 4435 
Value is 4440 
Value is 4445 
Value is 4450 
Value is 4455 
Value is 4460 
Value is 4465 
Value is 4470 
Value is 4475 
Value is 4480 
Value is 4485 
Value is 4490 
Value is 4495 
Value is 4500 
Value is 4505 
Value is 4510 
Value is 4515 
Value is 4520 
Value is 4525 
Value is 4530 
Value is 4535 
Value is 4540 
Value is 4545 
Value is 4550 
Value is 4555 
Value is 4560 
Value is 4565 
Value is 4570 
Value is 4575 
Value is 4580 
Value is 4585 
Value is 4590 
Value is 4595 
Value is 4600 
Value is 4605 
Value is 4610 
Value is 4615 
Value is 4620 
Value is 4625 
Value is 4630 
Value is 4635 
Value is 4640 
Value is 4645 
Value is 4650 
Value is 4655 
Value is 4660 
Value is 4665 
Value is 4670 
Value is 4675 
Value is 4680 
Value is 4685 
Value is 4690 
Value is 4695 
Value is 4700 
Value is 4705 
Value is 4710 
Value is 4715 
Value is 4720 
Value is 4725 
Value is 4730 
Value is 4735 
Value is 4740 
Value is 4745 
Value is 4750 
Value is 4755 
Value is 4760 
Value is 4765 
Value is 4770 
Value is 4775 
Value is 4780 
Value is 4785 
Value is 4790 
Value is 4795 
Value is 4800 
Value is 4805 
Value is 4810 
Value is 4815 
Value is 4820 
Value is 4825 
Value is 4830 
Value is 4835 
Value is 4840 
Value is 4845 
Value is 4850 
Value is 4855 
Value is 4860 
Value is 4865 
Value is 4870 
Value is 4875 
Value is 4880 
Value is 4885 
Value is 4890 
Value is 4895 
Value is 4900 
Value is 4905 
Value is 4910 
Value is 4915 
Value is 4920 
Value is 4925 
Value is 4930 
Value is 4935 
Value is 4940 
Value is 4945 
Value is 4950 
Value is 4955 
Value is 4960 
Value is 4965 
Value is 4970 
Value is 4975 
Value is 4980 
Value is 4985 
Value is 4990 
Value is 4995 
Reading C:/Dev/intelFPGA_lite/18.1/modelsim_ase/tcl/vsim/pref.tcl

# 10.5b

# do cosim.modelsim.scr
# 
#     set fl [open ".exit.err" w]
#     puts $fl "Elaboration errors in executing modelsim simulator"
#     close $fl
#     quit
# 
# C:/clibs
# nt64
# 1
# C:/clibs/questa/10.5b/nt64/lib
WARNING: There is no IP libs for this version of ModelSim. If you may use cosim with IP, please make sure the IP libs have been pre-compiled.
# Model Technology ModelSim - Intel FPGA Edition vmap 10.5b Lib Mapping Utility 2016.10 Oct  5 2016
# vmap work work 
# Copying C:/Dev/intelFPGA_lite/18.1/modelsim_ase/win32aloem/../modelsim.ini to modelsim.ini
# Modifying modelsim.ini
# Model Technology ModelSim - Intel FPGA Edition vlog 10.5b Compiler 2016.10 Oct  5 2016
# Start time: 10:59:11 on Mar 14,2019
# vlog -sv -work work glbl.v 
# -- Compiling module glbl
# 
# Top level modules:
# 	glbl
# End time: 10:59:11 on Mar 14,2019, Elapsed time: 0:00:00
# Errors: 0, Warnings: 0
# Model Technology ModelSim - Intel FPGA Edition vlog 10.5b Compiler 2016.10 Oct  5 2016
# Start time: 10:59:11 on Mar 14,2019
# vlog -sv -work work AESL_axi_slave_CTRL.v 
# -- Compiling module AESL_axi_slave_CTRL
# 
# Top level modules:
# 	AESL_axi_slave_CTRL
# End time: 10:59:11 on Mar 14,2019, Elapsed time: 0:00:00
# Errors: 0, Warnings: 0
# Model Technology ModelSim - Intel FPGA Edition vlog 10.5b Compiler 2016.10 Oct  5 2016
# Start time: 10:59:11 on Mar 14,2019
# vlog -sv -work work AESL_axi_s_inStream.v 
# -- Compiling module AESL_axi_s_inStream
# 
# Top level modules:
# 	AESL_axi_s_inStream
# End time: 10:59:11 on Mar 14,2019, Elapsed time: 0:00:00
# Errors: 0, Warnings: 0
# Model Technology ModelSim - Intel FPGA Edition vlog 10.5b Compiler 2016.10 Oct  5 2016
# Start time: 10:59:11 on Mar 14,2019
# vlog -sv -work work AESL_axi_s_outStream.v 
# -- Compiling module AESL_axi_s_outStream
# 
# Top level modules:
# 	AESL_axi_s_outStream
# End time: 10:59:12 on Mar 14,2019, Elapsed time: 0:00:01
# Errors: 0, Warnings: 0
# Model Technology ModelSim - Intel FPGA Edition vlog 10.5b Compiler 2016.10 Oct  5 2016
# Start time: 10:59:12 on Mar 14,2019
# vlog -sv -work work AESL_fifo.v 
# -- Compiling module fifo
# 
# Top level modules:
# 	fifo
# End time: 10:59:12 on Mar 14,2019, Elapsed time: 0:00:00
# Errors: 0, Warnings: 0
# Model Technology ModelSim - Intel FPGA Edition vlog 10.5b Compiler 2016.10 Oct  5 2016
# Start time: 10:59:12 on Mar 14,2019
# vlog -sv -work work doGain.autotb.v 
# -- Compiling module apatb_doGain_top
# 
# Top level modules:
# 	apatb_doGain_top
# End time: 10:59:12 on Mar 14,2019, Elapsed time: 0:00:00
# Errors: 0, Warnings: 0
# Model Technology ModelSim - Intel FPGA Edition vlog 10.5b Compiler 2016.10 Oct  5 2016
# Start time: 10:59:12 on Mar 14,2019
# vlog -sv -work work doGain.v 
# -- Compiling module doGain
# 
# Top level modules:
# 	doGain
# End time: 10:59:12 on Mar 14,2019, Elapsed time: 0:00:00
# Errors: 0, Warnings: 0
# Model Technology ModelSim - Intel FPGA Edition vlog 10.5b Compiler 2016.10 Oct  5 2016
# Start time: 10:59:12 on Mar 14,2019
# vlog -sv -work work doGain_CTRL_s_axi.v 
# -- Compiling module doGain_CTRL_s_axi
# 
# Top level modules:
# 	doGain_CTRL_s_axi
# End time: 10:59:12 on Mar 14,2019, Elapsed time: 0:00:00
# Errors: 0, Warnings: 0
# vsim -debugDB -t 10ps -voptargs=""+acc"" -L work -L unisims_ver -L xpm apatb_doGain_top glbl -suppress 6630 -wlf doGain.wlf 
# Start time: 10:59:12 on Mar 14,2019
# Loading sv_std.std
# Loading work.apatb_doGain_top
# Loading work.doGain
# Loading work.doGain_CTRL_s_axi
# Loading work.AESL_axi_s_inStream
# Loading work.fifo
# Loading work.AESL_axi_s_outStream
# Loading work.AESL_axi_slave_CTRL
# Loading work.glbl
# ** Note: (vsim-8900) Creating design debug database vsim.dbg.
# It appears vopt was not run with -debugdb option on this design.
# Advanced Causality and Schematic debug features will not be available.
# Variable Constant Generic SpecParam Memory Assertion Cover Endpoint ScVariable CellInternal ImmediateAssert VHDLFile
# 1
# 1
# ////////////////////////////////////////////////////////////////////////////////////
# // Inter-Transaction Progress: Completed Transaction / Total Transaction
# // Intra-Transaction Progress: Measured Latency / Latency Estimation * 100%
# //
# // RTL Simulation : "Inter-Transaction Progress" ["Intra-Transaction Progress"] @ "Simulation Time"
# ////////////////////////////////////////////////////////////////////////////////////
# // RTL Simulation : 0 / 1 [0.00%] @ "12500"
# // RTL Simulation : 1 / 1 [100.00%] @ "1044500"
# ////////////////////////////////////////////////////////////////////////////////////
# ** Note: $finish    : doGain.autotb.v(470)
#    Time: 10485 ns  Iteration: 1  Instance: /apatb_doGain_top
# End time: 10:59:13 on Mar 14,2019, Elapsed time: 0:00:01
# Errors: 0, Warnings: 0
Value is 0 
Value is 5 
Value is 10 
Value is 15 
Value is 20 
Value is 25 
Value is 30 
Value is 35 
Value is 40 
Value is 45 
Value is 50 
Value is 55 
Value is 60 
Value is 65 
Value is 70 
Value is 75 
Value is 80 
Value is 85 
Value is 90 
Value is 95 
Value is 100 
Value is 105 
Value is 110 
Value is 115 
Value is 120 
Value is 125 
Value is 130 
Value is 135 
Value is 140 
Value is 145 
Value is 150 
Value is 155 
Value is 160 
Value is 165 
Value is 170 
Value is 175 
Value is 180 
Value is 185 
Value is 190 
Value is 195 
Value is 200 
Value is 205 
Value is 210 
Value is 215 
Value is 220 
Value is 225 
Value is 230 
Value is 235 
Value is 240 
Value is 245 
Value is 250 
Value is 255 
Value is 260 
Value is 265 
Value is 270 
Value is 275 
Value is 280 
Value is 285 
Value is 290 
Value is 295 
Value is 300 
Value is 305 
Value is 310 
Value is 315 
Value is 320 
Value is 325 
Value is 330 
Value is 335 
Value is 340 
Value is 345 
Value is 350 
Value is 355 
Value is 360 
Value is 365 
Value is 370 
Value is 375 
Value is 380 
Value is 385 
Value is 390 
Value is 395 
Value is 400 
Value is 405 
Value is 410 
Value is 415 
Value is 420 
Value is 425 
Value is 430 
Value is 435 
Value is 440 
Value is 445 
Value is 450 
Value is 455 
Value is 460 
Value is 465 
Value is 470 
Value is 475 
Value is 480 
Value is 485 
Value is 490 
Value is 495 
Value is 500 
Value is 505 
Value is 510 
Value is 515 
Value is 520 
Value is 525 
Value is 530 
Value is 535 
Value is 540 
Value is 545 
Value is 550 
Value is 555 
Value is 560 
Value is 565 
Value is 570 
Value is 575 
Value is 580 
Value is 585 
Value is 590 
Value is 595 
Value is 600 
Value is 605 
Value is 610 
Value is 615 
Value is 620 
Value is 625 
Value is 630 
Value is 635 
Value is 640 
Value is 645 
Value is 650 
Value is 655 
Value is 660 
Value is 665 
Value is 670 
Value is 675 
Value is 680 
Value is 685 
Value is 690 
Value is 695 
Value is 700 
Value is 705 
Value is 710 
Value is 715 
Value is 720 
Value is 725 
Value is 730 
Value is 735 
Value is 740 
Value is 745 
Value is 750 
Value is 755 
Value is 760 
Value is 765 
Value is 770 
Value is 775 
Value is 780 
Value is 785 
Value is 790 
Value is 795 
Value is 800 
Value is 805 
Value is 810 
Value is 815 
Value is 820 
Value is 825 
Value is 830 
Value is 835 
Value is 840 
Value is 845 
Value is 850 
Value is 855 
Value is 860 
Value is 865 
Value is 870 
Value is 875 
Value is 880 
Value is 885 
Value is 890 
Value is 895 
Value is 900 
Value is 905 
Value is 910 
Value is 915 
Value is 920 
Value is 925 
Value is 930 
Value is 935 
Value is 940 
Value is 945 
Value is 950 
Value is 955 
Value is 960 
Value is 965 
Value is 970 
Value is 975 
Value is 980 
Value is 985 
Value is 990 
Value is 995 
Value is 1000 
Value is 1005 
Value is 1010 
Value is 1015 
Value is 1020 
Value is 1025 
Value is 1030 
Value is 1035 
Value is 1040 
Value is 1045 
Value is 1050 
Value is 1055 
Value is 1060 
Value is 1065 
Value is 1070 
Value is 1075 
Value is 1080 
Value is 1085 
Value is 1090 
Value is 1095 
Value is 1100 
Value is 1105 
Value is 1110 
Value is 1115 
Value is 1120 
Value is 1125 
Value is 1130 
Value is 1135 
Value is 1140 
Value is 1145 
Value is 1150 
Value is 1155 
Value is 1160 
Value is 1165 
Value is 1170 
Value is 1175 
Value is 1180 
Value is 1185 
Value is 1190 
Value is 1195 
Value is 1200 
Value is 1205 
Value is 1210 
Value is 1215 
Value is 1220 
Value is 1225 
Value is 1230 
Value is 1235 
Value is 1240 
Value is 1245 
Value is 1250 
Value is 1255 
Value is 1260 
Value is 1265 
Value is 1270 
Value is 1275 
Value is 1280 
Value is 1285 
Value is 1290 
Value is 1295 
Value is 1300 
Value is 1305 
Value is 1310 
Value is 1315 
Value is 1320 
Value is 1325 
Value is 1330 
Value is 1335 
Value is 1340 
Value is 1345 
Value is 1350 
Value is 1355 
Value is 1360 
Value is 1365 
Value is 1370 
Value is 1375 
Value is 1380 
Value is 1385 
Value is 1390 
Value is 1395 
Value is 1400 
Value is 1405 
Value is 1410 
Value is 1415 
Value is 1420 
Value is 1425 
Value is 1430 
Value is 1435 
Value is 1440 
Value is 1445 
Value is 1450 
Value is 1455 
Value is 1460 
Value is 1465 
Value is 1470 
Value is 1475 
Value is 1480 
Value is 1485 
Value is 1490 
Value is 1495 
Value is 1500 
Value is 1505 
Value is 1510 
Value is 1515 
Value is 1520 
Value is 1525 
Value is 1530 
Value is 1535 
Value is 1540 
Value is 1545 
Value is 1550 
Value is 1555 
Value is 1560 
Value is 1565 
Value is 1570 
Value is 1575 
Value is 1580 
Value is 1585 
Value is 1590 
Value is 1595 
Value is 1600 
Value is 1605 
Value is 1610 
Value is 1615 
Value is 1620 
Value is 1625 
Value is 1630 
Value is 1635 
Value is 1640 
Value is 1645 
Value is 1650 
Value is 1655 
Value is 1660 
Value is 1665 
Value is 1670 
Value is 1675 
Value is 1680 
Value is 1685 
Value is 1690 
Value is 1695 
Value is 1700 
Value is 1705 
Value is 1710 
Value is 1715 
Value is 1720 
Value is 1725 
Value is 1730 
Value is 1735 
Value is 1740 
Value is 1745 
Value is 1750 
Value is 1755 
Value is 1760 
Value is 1765 
Value is 1770 
Value is 1775 
Value is 1780 
Value is 1785 
Value is 1790 
Value is 1795 
Value is 1800 
Value is 1805 
Value is 1810 
Value is 1815 
Value is 1820 
Value is 1825 
Value is 1830 
Value is 1835 
Value is 1840 
Value is 1845 
Value is 1850 
Value is 1855 
Value is 1860 
Value is 1865 
Value is 1870 
Value is 1875 
Value is 1880 
Value is 1885 
Value is 1890 
Value is 1895 
Value is 1900 
Value is 1905 
Value is 1910 
Value is 1915 
Value is 1920 
Value is 1925 
Value is 1930 
Value is 1935 
Value is 1940 
Value is 1945 
Value is 1950 
Value is 1955 
Value is 1960 
Value is 1965 
Value is 1970 
Value is 1975 
Value is 1980 
Value is 1985 
Value is 1990 
Value is 1995 
Value is 2000 
Value is 2005 
Value is 2010 
Value is 2015 
Value is 2020 
Value is 2025 
Value is 2030 
Value is 2035 
Value is 2040 
Value is 2045 
Value is 2050 
Value is 2055 
Value is 2060 
Value is 2065 
Value is 2070 
Value is 2075 
Value is 2080 
Value is 2085 
Value is 2090 
Value is 2095 
Value is 2100 
Value is 2105 
Value is 2110 
Value is 2115 
Value is 2120 
Value is 2125 
Value is 2130 
Value is 2135 
Value is 2140 
Value is 2145 
Value is 2150 
Value is 2155 
Value is 2160 
Value is 2165 
Value is 2170 
Value is 2175 
Value is 2180 
Value is 2185 
Value is 2190 
Value is 2195 
Value is 2200 
Value is 2205 
Value is 2210 
Value is 2215 
Value is 2220 
Value is 2225 
Value is 2230 
Value is 2235 
Value is 2240 
Value is 2245 
Value is 2250 
Value is 2255 
Value is 2260 
Value is 2265 
Value is 2270 
Value is 2275 
Value is 2280 
Value is 2285 
Value is 2290 
Value is 2295 
Value is 2300 
Value is 2305 
Value is 2310 
Value is 2315 
Value is 2320 
Value is 2325 
Value is 2330 
Value is 2335 
Value is 2340 
Value is 2345 
Value is 2350 
Value is 2355 
Value is 2360 
Value is 2365 
Value is 2370 
Value is 2375 
Value is 2380 
Value is 2385 
Value is 2390 
Value is 2395 
Value is 2400 
Value is 2405 
Value is 2410 
Value is 2415 
Value is 2420 
Value is 2425 
Value is 2430 
Value is 2435 
Value is 2440 
Value is 2445 
Value is 2450 
Value is 2455 
Value is 2460 
Value is 2465 
Value is 2470 
Value is 2475 
Value is 2480 
Value is 2485 
Value is 2490 
Value is 2495 
Value is 2500 
Value is 2505 
Value is 2510 
Value is 2515 
Value is 2520 
Value is 2525 
Value is 2530 
Value is 2535 
Value is 2540 
Value is 2545 
Value is 2550 
Value is 2555 
Value is 2560 
Value is 2565 
Value is 2570 
Value is 2575 
Value is 2580 
Value is 2585 
Value is 2590 
Value is 2595 
Value is 2600 
Value is 2605 
Value is 2610 
Value is 2615 
Value is 2620 
Value is 2625 
Value is 2630 
Value is 2635 
Value is 2640 
Value is 2645 
Value is 2650 
Value is 2655 
Value is 2660 
Value is 2665 
Value is 2670 
Value is 2675 
Value is 2680 
Value is 2685 
Value is 2690 
Value is 2695 
Value is 2700 
Value is 2705 
Value is 2710 
Value is 2715 
Value is 2720 
Value is 2725 
Value is 2730 
Value is 2735 
Value is 2740 
Value is 2745 
Value is 2750 
Value is 2755 
Value is 2760 
Value is 2765 
Value is 2770 
Value is 2775 
Value is 2780 
Value is 2785 
Value is 2790 
Value is 2795 
Value is 2800 
Value is 2805 
Value is 2810 
Value is 2815 
Value is 2820 
Value is 2825 
Value is 2830 
Value is 2835 
Value is 2840 
Value is 2845 
Value is 2850 
Value is 2855 
Value is 2860 
Value is 2865 
Value is 2870 
Value is 2875 
Value is 2880 
Value is 2885 
Value is 2890 
Value is 2895 
Value is 2900 
Value is 2905 
Value is 2910 
Value is 2915 
Value is 2920 
Value is 2925 
Value is 2930 
Value is 2935 
Value is 2940 
Value is 2945 
Value is 2950 
Value is 2955 
Value is 2960 
Value is 2965 
Value is 2970 
Value is 2975 
Value is 2980 
Value is 2985 
Value is 2990 
Value is 2995 
Value is 3000 
Value is 3005 
Value is 3010 
Value is 3015 
Value is 3020 
Value is 3025 
Value is 3030 
Value is 3035 
Value is 3040 
Value is 3045 
Value is 3050 
Value is 3055 
Value is 3060 
Value is 3065 
Value is 3070 
Value is 3075 
Value is 3080 
Value is 3085 
Value is 3090 
Value is 3095 
Value is 3100 
Value is 3105 
Value is 3110 
Value is 3115 
Value is 3120 
Value is 3125 
Value is 3130 
Value is 3135 
Value is 3140 
Value is 3145 
Value is 3150 
Value is 3155 
Value is 3160 
Value is 3165 
Value is 3170 
Value is 3175 
Value is 3180 
Value is 3185 
Value is 3190 
Value is 3195 
Value is 3200 
Value is 3205 
Value is 3210 
Value is 3215 
Value is 3220 
Value is 3225 
Value is 3230 
Value is 3235 
Value is 3240 
Value is 3245 
Value is 3250 
Value is 3255 
Value is 3260 
Value is 3265 
Value is 3270 
Value is 3275 
Value is 3280 
Value is 3285 
Value is 3290 
Value is 3295 
Value is 3300 
Value is 3305 
Value is 3310 
Value is 3315 
Value is 3320 
Value is 3325 
Value is 3330 
Value is 3335 
Value is 3340 
Value is 3345 
Value is 3350 
Value is 3355 
Value is 3360 
Value is 3365 
Value is 3370 
Value is 3375 
Value is 3380 
Value is 3385 
Value is 3390 
Value is 3395 
Value is 3400 
Value is 3405 
Value is 3410 
Value is 3415 
Value is 3420 
Value is 3425 
Value is 3430 
Value is 3435 
Value is 3440 
Value is 3445 
Value is 3450 
Value is 3455 
Value is 3460 
Value is 3465 
Value is 3470 
Value is 3475 
Value is 3480 
Value is 3485 
Value is 3490 
Value is 3495 
Value is 3500 
Value is 3505 
Value is 3510 
Value is 3515 
Value is 3520 
Value is 3525 
Value is 3530 
Value is 3535 
Value is 3540 
Value is 3545 
Value is 3550 
Value is 3555 
Value is 3560 
Value is 3565 
Value is 3570 
Value is 3575 
Value is 3580 
Value is 3585 
Value is 3590 
Value is 3595 
Value is 3600 
Value is 3605 
Value is 3610 
Value is 3615 
Value is 3620 
Value is 3625 
Value is 3630 
Value is 3635 
Value is 3640 
Value is 3645 
Value is 3650 
Value is 3655 
Value is 3660 
Value is 3665 
Value is 3670 
Value is 3675 
Value is 3680 
Value is 3685 
Value is 3690 
Value is 3695 
Value is 3700 
Value is 3705 
Value is 3710 
Value is 3715 
Value is 3720 
Value is 3725 
Value is 3730 
Value is 3735 
Value is 3740 
Value is 3745 
Value is 3750 
Value is 3755 
Value is 3760 
Value is 3765 
Value is 3770 
Value is 3775 
Value is 3780 
Value is 3785 
Value is 3790 
Value is 3795 
Value is 3800 
Value is 3805 
Value is 3810 
Value is 3815 
Value is 3820 
Value is 3825 
Value is 3830 
Value is 3835 
Value is 3840 
Value is 3845 
Value is 3850 
Value is 3855 
Value is 3860 
Value is 3865 
Value is 3870 
Value is 3875 
Value is 3880 
Value is 3885 
Value is 3890 
Value is 3895 
Value is 3900 
Value is 3905 
Value is 3910 
Value is 3915 
Value is 3920 
Value is 3925 
Value is 3930 
Value is 3935 
Value is 3940 
Value is 3945 
Value is 3950 
Value is 3955 
Value is 3960 
Value is 3965 
Value is 3970 
Value is 3975 
Value is 3980 
Value is 3985 
Value is 3990 
Value is 3995 
Value is 4000 
Value is 4005 
Value is 4010 
Value is 4015 
Value is 4020 
Value is 4025 
Value is 4030 
Value is 4035 
Value is 4040 
Value is 4045 
Value is 4050 
Value is 4055 
Value is 4060 
Value is 4065 
Value is 4070 
Value is 4075 
Value is 4080 
Value is 4085 
Value is 4090 
Value is 4095 
Value is 4100 
Value is 4105 
Value is 4110 
Value is 4115 
Value is 4120 
Value is 4125 
Value is 4130 
Value is 4135 
Value is 4140 
Value is 4145 
Value is 4150 
Value is 4155 
Value is 4160 
Value is 4165 
Value is 4170 
Value is 4175 
Value is 4180 
Value is 4185 
Value is 4190 
Value is 4195 
Value is 4200 
Value is 4205 
Value is 4210 
Value is 4215 
Value is 4220 
Value is 4225 
Value is 4230 
Value is 4235 
Value is 4240 
Value is 4245 
Value is 4250 
Value is 4255 
Value is 4260 
Value is 4265 
Value is 4270 
Value is 4275 
Value is 4280 
Value is 4285 
Value is 4290 
Value is 4295 
Value is 4300 
Value is 4305 
Value is 4310 
Value is 4315 
Value is 4320 
Value is 4325 
Value is 4330 
Value is 4335 
Value is 4340 
Value is 4345 
Value is 4350 
Value is 4355 
Value is 4360 
Value is 4365 
Value is 4370 
Value is 4375 
Value is 4380 
Value is 4385 
Value is 4390 
Value is 4395 
Value is 4400 
Value is 4405 
Value is 4410 
Value is 4415 
Value is 4420 
Value is 4425 
Value is 4430 
Value is 4435 
Value is 4440 
Value is 4445 
Value is 4450 
Value is 4455 
Value is 4460 
Value is 4465 
Value is 4470 
Value is 4475 
Value is 4480 
Value is 4485 
Value is 4490 
Value is 4495 
Value is 4500 
Value is 4505 
Value is 4510 
Value is 4515 
Value is 4520 
Value is 4525 
Value is 4530 
Value is 4535 
Value is 4540 
Value is 4545 
Value is 4550 
Value is 4555 
Value is 4560 
Value is 4565 
Value is 4570 
Value is 4575 
Value is 4580 
Value is 4585 
Value is 4590 
Value is 4595 
Value is 4600 
Value is 4605 
Value is 4610 
Value is 4615 
Value is 4620 
Value is 4625 
Value is 4630 
Value is 4635 
Value is 4640 
Value is 4645 
Value is 4650 
Value is 4655 
Value is 4660 
Value is 4665 
Value is 4670 
Value is 4675 
Value is 4680 
Value is 4685 
Value is 4690 
Value is 4695 
Value is 4700 
Value is 4705 
Value is 4710 
Value is 4715 
Value is 4720 
Value is 4725 
Value is 4730 
Value is 4735 
Value is 4740 
Value is 4745 
Value is 4750 
Value is 4755 
Value is 4760 
Value is 4765 
Value is 4770 
Value is 4775 
Value is 4780 
Value is 4785 
Value is 4790 
Value is 4795 
Value is 4800 
Value is 4805 
Value is 4810 
Value is 4815 
Value is 4820 
Value is 4825 
Value is 4830 
Value is 4835 
Value is 4840 
Value is 4845 
Value is 4850 
Value is 4855 
Value is 4860 
Value is 4865 
Value is 4870 
Value is 4875 
Value is 4880 
Value is 4885 
Value is 4890 
Value is 4895 
Value is 4900 
Value is 4905 
Value is 4910 
Value is 4915 
Value is 4920 
Value is 4925 
Value is 4930 
Value is 4935 
Value is 4940 
Value is 4945 
Value is 4950 
Value is 4955 
Value is 4960 
Value is 4965 
Value is 4970 
Value is 4975 
Value is 4980 
Value is 4985 
Value is 4990 
Value is 4995 
