12:55:37 INFO  : Registering command handlers for SDK TCF services
12:55:37 INFO  : Launching XSCT server: xsct.bat -interactive D:\WS\axi_stream_tutorial\pynq_run\pynq_run.sdk\temp_xsdb_launch_script.tcl
12:55:40 INFO  : XSCT server has started successfully.
12:55:43 INFO  : Processing command line option -hwspec D:/WS/axi_stream_tutorial/pynq_run/pynq_run.sdk/ZynqStream_wrapper.hdf.
12:55:43 INFO  : Successfully done setting XSCT server connection channel  
12:55:43 INFO  : Successfully done setting SDK workspace  
14:53:49 INFO  : Launching XSCT server: xsct.bat -interactive D:\WS\axi_stream_tutorial\pynq_run\pynq_run.sdk\temp_xsdb_launch_script.tcl
14:53:51 INFO  : XSCT server has started successfully.
14:53:51 INFO  : Successfully done setting XSCT server connection channel  
14:53:55 INFO  : Successfully done setting SDK workspace  
14:53:57 INFO  : Registering command handlers for SDK TCF services
14:53:58 INFO  : Processing command line option -hwspec D:/WS/axi_stream_tutorial/pynq_run/pynq_run.sdk/ZynqStream_wrapper.hdf.
14:53:58 INFO  : Checking for hwspec changes in the project ZynqStream_wrapper_hw_platform_0.
16:09:04 INFO  : Connected to target on host '127.0.0.1' and port '3121'.
16:09:08 INFO  : Connected to target on host '127.0.0.1' and port '3121'.
16:09:09 INFO  : 'targets -set -filter {jtag_cable_name =~ "Xilinx PYNQ-Z1 003017A6E31DA" && level==0} -index 1' command is executed.
16:09:11 INFO  : FPGA configured successfully with bitstream "D:/WS/axi_stream_tutorial/pynq_run/pynq_run.sdk/ZynqStream_wrapper_hw_platform_0/ZynqStream_wrapper.bit"
16:09:20 INFO  : 'targets -set -filter {jtag_cable_name =~ "Xilinx PYNQ-Z1 003017A6E31DA" && level==0} -index 1' command is executed.
16:09:20 INFO  : 'fpga -state' command is executed.
16:09:20 INFO  : Connected to target on host '127.0.0.1' and port '3121'.
16:09:21 INFO  : Jtag cable 'Xilinx PYNQ-Z1 003017A6E31DA' is selected.
16:09:21 INFO  : 'jtag frequency' command is executed.
16:09:21 INFO  : Sourcing of 'D:/WS/axi_stream_tutorial/pynq_run/pynq_run.sdk/ZynqStream_wrapper_hw_platform_0/ps7_init.tcl' is done.
16:09:21 INFO  : Context for 'APU' is selected.
16:09:21 INFO  : Hardware design information is loaded from 'D:/WS/axi_stream_tutorial/pynq_run/pynq_run.sdk/ZynqStream_wrapper_hw_platform_0/system.hdf'.
16:09:21 INFO  : 'configparams force-mem-access 1' command is executed.
16:09:21 INFO  : Context for 'APU' is selected.
16:09:21 INFO  : 'stop' command is executed.
16:09:21 INFO  : 'ps7_init' command is executed.
16:09:21 INFO  : 'ps7_post_config' command is executed.
16:09:21 INFO  : Context for processor 'ps7_cortexa9_0' is selected.
16:09:21 INFO  : Processor reset is completed for 'ps7_cortexa9_0'.
16:09:21 INFO  : Context for processor 'ps7_cortexa9_0' is selected.
16:09:22 INFO  : The application 'D:/WS/axi_stream_tutorial/pynq_run/pynq_run.sdk/AXIS/Debug/AXIS.elf' is downloaded to processor 'ps7_cortexa9_0'.
16:09:22 INFO  : 'configparams force-mem-access 0' command is executed.
16:09:22 INFO  : ----------------XSDB Script----------------
connect -url tcp:127.0.0.1:3121
source D:/WS/axi_stream_tutorial/pynq_run/pynq_run.sdk/ZynqStream_wrapper_hw_platform_0/ps7_init.tcl
targets -set -nocase -filter {name =~"APU*" && jtag_cable_name =~ "Xilinx PYNQ-Z1 003017A6E31DA"} -index 0
loadhw -hw D:/WS/axi_stream_tutorial/pynq_run/pynq_run.sdk/ZynqStream_wrapper_hw_platform_0/system.hdf -mem-ranges [list {0x40000000 0xbfffffff}]
configparams force-mem-access 1
targets -set -nocase -filter {name =~"APU*" && jtag_cable_name =~ "Xilinx PYNQ-Z1 003017A6E31DA"} -index 0
stop
ps7_init
ps7_post_config
targets -set -nocase -filter {name =~ "ARM*#0" && jtag_cable_name =~ "Xilinx PYNQ-Z1 003017A6E31DA"} -index 0
rst -processor
targets -set -nocase -filter {name =~ "ARM*#0" && jtag_cable_name =~ "Xilinx PYNQ-Z1 003017A6E31DA"} -index 0
dow D:/WS/axi_stream_tutorial/pynq_run/pynq_run.sdk/AXIS/Debug/AXIS.elf
configparams force-mem-access 0
----------------End of Script----------------

16:09:22 INFO  : Context for processor 'ps7_cortexa9_0' is selected.
16:09:22 INFO  : 'con' command is executed.
16:09:22 INFO  : ----------------XSDB Script (After Launch)----------------
targets -set -nocase -filter {name =~ "ARM*#0" && jtag_cable_name =~ "Xilinx PYNQ-Z1 003017A6E31DA"} -index 0
con
----------------End of Script----------------

16:09:22 INFO  : Disconnected from the channel tcfchan#1.
16:09:58 INFO  : 'targets -set -filter {jtag_cable_name =~ "Xilinx PYNQ-Z1 003017A6E31DA" && level==0} -index 1' command is executed.
16:09:58 INFO  : 'fpga -state' command is executed.
16:09:58 INFO  : Connected to target on host '127.0.0.1' and port '3121'.
16:09:58 INFO  : Jtag cable 'Xilinx PYNQ-Z1 003017A6E31DA' is selected.
16:09:58 INFO  : 'jtag frequency' command is executed.
16:09:58 INFO  : Sourcing of 'D:/WS/axi_stream_tutorial/pynq_run/pynq_run.sdk/ZynqStream_wrapper_hw_platform_0/ps7_init.tcl' is done.
16:09:58 INFO  : Context for 'APU' is selected.
16:09:58 INFO  : Hardware design information is loaded from 'D:/WS/axi_stream_tutorial/pynq_run/pynq_run.sdk/ZynqStream_wrapper_hw_platform_0/system.hdf'.
16:09:58 INFO  : 'configparams force-mem-access 1' command is executed.
16:09:59 INFO  : Context for 'APU' is selected.
16:09:59 INFO  : 'stop' command is executed.
16:09:59 INFO  : 'ps7_init' command is executed.
16:09:59 INFO  : 'ps7_post_config' command is executed.
16:09:59 INFO  : Context for processor 'ps7_cortexa9_0' is selected.
16:09:59 INFO  : Processor reset is completed for 'ps7_cortexa9_0'.
16:09:59 INFO  : Context for processor 'ps7_cortexa9_0' is selected.
16:09:59 INFO  : The application 'D:/WS/axi_stream_tutorial/pynq_run/pynq_run.sdk/AXIS/Debug/AXIS.elf' is downloaded to processor 'ps7_cortexa9_0'.
16:09:59 INFO  : 'configparams force-mem-access 0' command is executed.
16:09:59 INFO  : ----------------XSDB Script----------------
connect -url tcp:127.0.0.1:3121
source D:/WS/axi_stream_tutorial/pynq_run/pynq_run.sdk/ZynqStream_wrapper_hw_platform_0/ps7_init.tcl
targets -set -nocase -filter {name =~"APU*" && jtag_cable_name =~ "Xilinx PYNQ-Z1 003017A6E31DA"} -index 0
loadhw -hw D:/WS/axi_stream_tutorial/pynq_run/pynq_run.sdk/ZynqStream_wrapper_hw_platform_0/system.hdf -mem-ranges [list {0x40000000 0xbfffffff}]
configparams force-mem-access 1
targets -set -nocase -filter {name =~"APU*" && jtag_cable_name =~ "Xilinx PYNQ-Z1 003017A6E31DA"} -index 0
stop
ps7_init
ps7_post_config
targets -set -nocase -filter {name =~ "ARM*#0" && jtag_cable_name =~ "Xilinx PYNQ-Z1 003017A6E31DA"} -index 0
rst -processor
targets -set -nocase -filter {name =~ "ARM*#0" && jtag_cable_name =~ "Xilinx PYNQ-Z1 003017A6E31DA"} -index 0
dow D:/WS/axi_stream_tutorial/pynq_run/pynq_run.sdk/AXIS/Debug/AXIS.elf
configparams force-mem-access 0
----------------End of Script----------------

16:09:59 INFO  : Context for processor 'ps7_cortexa9_0' is selected.
16:09:59 INFO  : 'con' command is executed.
16:09:59 INFO  : ----------------XSDB Script (After Launch)----------------
targets -set -nocase -filter {name =~ "ARM*#0" && jtag_cable_name =~ "Xilinx PYNQ-Z1 003017A6E31DA"} -index 0
con
----------------End of Script----------------

16:09:59 INFO  : Disconnected from the channel tcfchan#2.
16:28:31 INFO  : 'targets -set -filter {jtag_cable_name =~ "Xilinx PYNQ-Z1 003017A6E31DA" && level==0} -index 1' command is executed.
16:28:31 INFO  : 'fpga -state' command is executed.
16:28:31 INFO  : Connected to target on host '127.0.0.1' and port '3121'.
16:28:32 INFO  : Jtag cable 'Xilinx PYNQ-Z1 003017A6E31DA' is selected.
16:28:32 INFO  : 'jtag frequency' command is executed.
16:28:32 INFO  : Sourcing of 'D:/WS/axi_stream_tutorial/pynq_run/pynq_run.sdk/ZynqStream_wrapper_hw_platform_0/ps7_init.tcl' is done.
16:28:32 INFO  : Context for 'APU' is selected.
16:28:34 INFO  : Hardware design information is loaded from 'D:/WS/axi_stream_tutorial/pynq_run/pynq_run.sdk/ZynqStream_wrapper_hw_platform_0/system.hdf'.
16:28:34 INFO  : 'configparams force-mem-access 1' command is executed.
16:28:34 INFO  : Context for 'APU' is selected.
16:28:34 INFO  : 'stop' command is executed.
16:28:34 INFO  : 'ps7_init' command is executed.
16:28:34 INFO  : 'ps7_post_config' command is executed.
16:28:34 INFO  : Context for processor 'ps7_cortexa9_0' is selected.
16:28:35 INFO  : Processor reset is completed for 'ps7_cortexa9_0'.
16:28:35 INFO  : Context for processor 'ps7_cortexa9_0' is selected.
16:28:35 INFO  : The application 'D:/WS/axi_stream_tutorial/pynq_run/pynq_run.sdk/AXIS/Debug/AXIS.elf' is downloaded to processor 'ps7_cortexa9_0'.
16:28:35 INFO  : 'configparams force-mem-access 0' command is executed.
16:28:35 INFO  : ----------------XSDB Script----------------
connect -url tcp:127.0.0.1:3121
source D:/WS/axi_stream_tutorial/pynq_run/pynq_run.sdk/ZynqStream_wrapper_hw_platform_0/ps7_init.tcl
targets -set -nocase -filter {name =~"APU*" && jtag_cable_name =~ "Xilinx PYNQ-Z1 003017A6E31DA"} -index 0
loadhw -hw D:/WS/axi_stream_tutorial/pynq_run/pynq_run.sdk/ZynqStream_wrapper_hw_platform_0/system.hdf -mem-ranges [list {0x40000000 0xbfffffff}]
configparams force-mem-access 1
targets -set -nocase -filter {name =~"APU*" && jtag_cable_name =~ "Xilinx PYNQ-Z1 003017A6E31DA"} -index 0
stop
ps7_init
ps7_post_config
targets -set -nocase -filter {name =~ "ARM*#0" && jtag_cable_name =~ "Xilinx PYNQ-Z1 003017A6E31DA"} -index 0
rst -processor
targets -set -nocase -filter {name =~ "ARM*#0" && jtag_cable_name =~ "Xilinx PYNQ-Z1 003017A6E31DA"} -index 0
dow D:/WS/axi_stream_tutorial/pynq_run/pynq_run.sdk/AXIS/Debug/AXIS.elf
configparams force-mem-access 0
----------------End of Script----------------

16:28:35 INFO  : Context for processor 'ps7_cortexa9_0' is selected.
16:28:35 INFO  : 'con' command is executed.
16:28:35 INFO  : ----------------XSDB Script (After Launch)----------------
targets -set -nocase -filter {name =~ "ARM*#0" && jtag_cable_name =~ "Xilinx PYNQ-Z1 003017A6E31DA"} -index 0
con
----------------End of Script----------------

16:28:35 INFO  : Disconnected from the channel tcfchan#3.
16:29:57 INFO  : 'targets -set -filter {jtag_cable_name =~ "Xilinx PYNQ-Z1 003017A6E31DA" && level==0} -index 1' command is executed.
16:29:57 INFO  : 'fpga -state' command is executed.
16:29:57 INFO  : Connected to target on host '127.0.0.1' and port '3121'.
16:29:57 INFO  : Jtag cable 'Xilinx PYNQ-Z1 003017A6E31DA' is selected.
16:29:57 INFO  : 'jtag frequency' command is executed.
16:29:57 INFO  : Sourcing of 'D:/WS/axi_stream_tutorial/pynq_run/pynq_run.sdk/ZynqStream_wrapper_hw_platform_0/ps7_init.tcl' is done.
16:29:57 INFO  : Context for 'APU' is selected.
16:29:57 INFO  : Hardware design information is loaded from 'D:/WS/axi_stream_tutorial/pynq_run/pynq_run.sdk/ZynqStream_wrapper_hw_platform_0/system.hdf'.
16:29:57 INFO  : 'configparams force-mem-access 1' command is executed.
16:29:57 INFO  : Context for 'APU' is selected.
16:29:57 INFO  : 'stop' command is executed.
16:29:58 INFO  : 'ps7_init' command is executed.
16:29:58 INFO  : 'ps7_post_config' command is executed.
16:29:58 INFO  : Context for processor 'ps7_cortexa9_0' is selected.
16:29:58 INFO  : Processor reset is completed for 'ps7_cortexa9_0'.
16:29:58 INFO  : Context for processor 'ps7_cortexa9_0' is selected.
16:29:58 INFO  : The application 'D:/WS/axi_stream_tutorial/pynq_run/pynq_run.sdk/AXIS/Debug/AXIS.elf' is downloaded to processor 'ps7_cortexa9_0'.
16:29:58 INFO  : 'configparams force-mem-access 0' command is executed.
16:29:58 INFO  : ----------------XSDB Script----------------
connect -url tcp:127.0.0.1:3121
source D:/WS/axi_stream_tutorial/pynq_run/pynq_run.sdk/ZynqStream_wrapper_hw_platform_0/ps7_init.tcl
targets -set -nocase -filter {name =~"APU*" && jtag_cable_name =~ "Xilinx PYNQ-Z1 003017A6E31DA"} -index 0
loadhw -hw D:/WS/axi_stream_tutorial/pynq_run/pynq_run.sdk/ZynqStream_wrapper_hw_platform_0/system.hdf -mem-ranges [list {0x40000000 0xbfffffff}]
configparams force-mem-access 1
targets -set -nocase -filter {name =~"APU*" && jtag_cable_name =~ "Xilinx PYNQ-Z1 003017A6E31DA"} -index 0
stop
ps7_init
ps7_post_config
targets -set -nocase -filter {name =~ "ARM*#0" && jtag_cable_name =~ "Xilinx PYNQ-Z1 003017A6E31DA"} -index 0
rst -processor
targets -set -nocase -filter {name =~ "ARM*#0" && jtag_cable_name =~ "Xilinx PYNQ-Z1 003017A6E31DA"} -index 0
dow D:/WS/axi_stream_tutorial/pynq_run/pynq_run.sdk/AXIS/Debug/AXIS.elf
configparams force-mem-access 0
----------------End of Script----------------

16:29:58 INFO  : Context for processor 'ps7_cortexa9_0' is selected.
16:29:58 INFO  : 'con' command is executed.
16:29:58 INFO  : ----------------XSDB Script (After Launch)----------------
targets -set -nocase -filter {name =~ "ARM*#0" && jtag_cable_name =~ "Xilinx PYNQ-Z1 003017A6E31DA"} -index 0
con
----------------End of Script----------------

16:29:58 INFO  : Disconnected from the channel tcfchan#4.
